android/app/build/intermediates/manifest_merge_blame_file/debug/manifest-merger-blame-debug-report.txt
1<?xml version="1.0" encoding="utf-8"?>
2<manifest xmlns:android="http://schemas.android.com/apk/res/android"
3    package="com.mupl.cleaningapp"
4    android:versionCode="1"
5    android:versionName="1.0" >
6
7    <uses-sdk
8        android:minSdkVersion="22"
9        android:targetSdkVersion="34" />
10
11    <!-- Permissions -->
12    <uses-permission android:name="android.permission.INTERNET" />
12-->src\main\AndroidManifest.xml:39:5-67
12-->src\main\AndroidManifest.xml:39:22-64
13    <uses-permission android:name="android.permission.ACCESS_FINE_LOCATION" />
13-->src\main\AndroidManifest.xml:40:5-79
13-->src\main\AndroidManifest.xml:40:22-76
14    <uses-permission android:name="android.permission.ACCESS_COARSE_LOCATION" />
14-->src\main\AndroidManifest.xml:41:5-81
14-->src\main\AndroidManifest.xml:41:22-78
15    <uses-permission android:name="android.permission.CAMERA" />
15-->src\main\AndroidManifest.xml:42:5-65
15-->src\main\AndroidManifest.xml:42:22-62
16    <uses-permission
16-->src\main\AndroidManifest.xml:43:5-107
17        android:name="android.permission.READ_EXTERNAL_STORAGE"
17-->src\main\AndroidManifest.xml:43:22-77
18        android:maxSdkVersion="32" />
18-->src\main\AndroidManifest.xml:43:78-104
19    <uses-permission
19-->src\main\AndroidManifest.xml:44:5-108
20        android:name="android.permission.WRITE_EXTERNAL_STORAGE"
20-->src\main\AndroidManifest.xml:44:22-78
21        android:maxSdkVersion="32" />
21-->src\main\AndroidManifest.xml:44:79-105
22
23    <!-- Android 13+ (API 33+) 미디어 권한 -->
24    <uses-permission android:name="android.permission.READ_MEDIA_IMAGES" />
24-->src\main\AndroidManifest.xml:47:5-76
24-->src\main\AndroidManifest.xml:47:22-73
25    <uses-permission android:name="android.permission.READ_MEDIA_VIDEO" />
25-->src\main\AndroidManifest.xml:48:5-75
25-->src\main\AndroidManifest.xml:48:22-72
26
27    <!-- 카메라 기능 사용 선언 -->
28    <uses-feature
28-->src\main\AndroidManifest.xml:51:5-85
29        android:name="android.hardware.camera"
29-->src\main\AndroidManifest.xml:51:19-57
30        android:required="false" />
30-->src\main\AndroidManifest.xml:51:58-82
31    <uses-feature
31-->src\main\AndroidManifest.xml:52:5-95
32        android:name="android.hardware.camera.autofocus"
32-->src\main\AndroidManifest.xml:52:19-67
33        android:required="false" />
33-->src\main\AndroidManifest.xml:52:68-92
34
35    <queries>
35-->[:capacitor-camera] AndroidManifest.xml:7:5-11:15
36        <intent>
36-->[:capacitor-camera] AndroidManifest.xml:8:9-10:18
37            <action android:name="android.media.action.IMAGE_CAPTURE" />
37-->[:capacitor-camera] AndroidManifest.xml:9:13-73
37-->[:capacitor-camera] AndroidManifest.xml:9:21-70
38        </intent>
39    </queries>
40
41    <permission
41-->[androidx.core:core:1.13.0] AndroidManifest.xml:22:5-24:47
42        android:name="com.mupl.cleaningapp.DYNAMIC_RECEIVER_NOT_EXPORTED_PERMISSION"
42-->[androidx.core:core:1.13.0] AndroidManifest.xml:23:9-81
43        android:protectionLevel="signature" />
43-->[androidx.core:core:1.13.0] AndroidManifest.xml:24:9-44
44
45    <uses-permission android:name="com.mupl.cleaningapp.DYNAMIC_RECEIVER_NOT_EXPORTED_PERMISSION" />
45-->[androidx.core:core:1.13.0] AndroidManifest.xml:26:5-97
45-->[androidx.core:core:1.13.0] AndroidManifest.xml:26:22-94
46
47    <application
47-->src\main\AndroidManifest.xml:4:5-36:19
48        android:allowBackup="true"
48-->src\main\AndroidManifest.xml:5:9-35
49        android:appComponentFactory="androidx.core.app.CoreComponentFactory"
49-->[androidx.core:core:1.13.0] AndroidManifest.xml:28:18-86
50        android:debuggable="true"
51        android:extractNativeLibs="true"
52        android:icon="@mipmap/ic_launcher"
52-->src\main\AndroidManifest.xml:6:9-43
53        android:label="@string/app_name"
53-->src\main\AndroidManifest.xml:7:9-41
54        android:roundIcon="@mipmap/ic_launcher_round"
54-->src\main\AndroidManifest.xml:8:9-54
55        android:supportsRtl="true"
55-->src\main\AndroidManifest.xml:9:9-35
56        android:testOnly="true"
57        android:theme="@style/AppTheme"
57-->src\main\AndroidManifest.xml:10:9-40
58        android:usesCleartextTraffic="true" >
58-->[:capacitor-cordova-android-plugins] AndroidManifest.xml:8:18-53
59        <activity
59-->src\main\AndroidManifest.xml:12:9-25:20
60            android:name="com.mupl.cleaningapp.MainActivity"
60-->src\main\AndroidManifest.xml:14:13-41
61            android:configChanges="orientation|keyboardHidden|keyboard|screenSize|locale|smallestScreenSize|screenLayout|uiMode"
61-->src\main\AndroidManifest.xml:13:13-129
62            android:exported="true"
62-->src\main\AndroidManifest.xml:18:13-36
63            android:label="@string/title_activity_main"
63-->src\main\AndroidManifest.xml:15:13-56
64            android:launchMode="singleTask"
64-->src\main\AndroidManifest.xml:17:13-44
65            android:theme="@style/AppTheme.NoActionBarLaunch" >
65-->src\main\AndroidManifest.xml:16:13-62
66            <intent-filter>
66-->src\main\AndroidManifest.xml:20:13-23:29
67                <action android:name="android.intent.action.MAIN" />
67-->src\main\AndroidManifest.xml:21:17-69
67-->src\main\AndroidManifest.xml:21:25-66
68
69                <category android:name="android.intent.category.LAUNCHER" />
69-->src\main\AndroidManifest.xml:22:17-77
69-->src\main\AndroidManifest.xml:22:27-74
70            </intent-filter>
71        </activity>
72
73        <provider
74            android:name="androidx.core.content.FileProvider"
74-->src\main\AndroidManifest.xml:28:13-62
75            android:authorities="com.mupl.cleaningapp.fileprovider"
75-->src\main\AndroidManifest.xml:29:13-64
76            android:exported="false"
76-->src\main\AndroidManifest.xml:30:13-37
77            android:grantUriPermissions="true" >
77-->src\main\AndroidManifest.xml:31:13-47
78            <meta-data
78-->src\main\AndroidManifest.xml:32:13-34:64
79                android:name="android.support.FILE_PROVIDER_PATHS"
79-->src\main\AndroidManifest.xml:33:17-67
80                android:resource="@xml/file_paths" />
80-->src\main\AndroidManifest.xml:34:17-51
81        </provider>
82        <provider
82-->[androidx.emoji2:emoji2:1.3.0] AndroidManifest.xml:24:9-32:20
83            android:name="androidx.startup.InitializationProvider"
83-->[androidx.emoji2:emoji2:1.3.0] AndroidManifest.xml:25:13-67
84            android:authorities="com.mupl.cleaningapp.androidx-startup"
84-->[androidx.emoji2:emoji2:1.3.0] AndroidManifest.xml:26:13-68
85            android:exported="false" >
85-->[androidx.emoji2:emoji2:1.3.0] AndroidManifest.xml:27:13-37
86            <meta-data
86-->[androidx.emoji2:emoji2:1.3.0] AndroidManifest.xml:29:13-31:52
87                android:name="androidx.emoji2.text.EmojiCompatInitializer"
87-->[androidx.emoji2:emoji2:1.3.0] AndroidManifest.xml:30:17-75
88                android:value="androidx.startup" />
88-->[androidx.emoji2:emoji2:1.3.0] AndroidManifest.xml:31:17-49
89            <meta-data
89-->[androidx.lifecycle:lifecycle-process:2.6.2] AndroidManifest.xml:29:13-31:52
90                android:name="androidx.lifecycle.ProcessLifecycleInitializer"
90-->[androidx.lifecycle:lifecycle-process:2.6.2] AndroidManifest.xml:30:17-78
91                android:value="androidx.startup" />
91-->[androidx.lifecycle:lifecycle-process:2.6.2] AndroidManifest.xml:31:17-49
92            <meta-data
92-->[androidx.profileinstaller:profileinstaller:1.3.1] AndroidManifest.xml:29:13-31:52
93                android:name="androidx.profileinstaller.ProfileInstallerInitializer"
93-->[androidx.profileinstaller:profileinstaller:1.3.1] AndroidManifest.xml:30:17-85
94                android:value="androidx.startup" />
94-->[androidx.profileinstaller:profileinstaller:1.3.1] AndroidManifest.xml:31:17-49
95        </provider>
96
97        <receiver
97-->[androidx.profileinstaller:profileinstaller:1.3.1] AndroidManifest.xml:34:9-52:20
98            android:name="androidx.profileinstaller.ProfileInstallReceiver"
98-->[androidx.profileinstaller:profileinstaller:1.3.1] AndroidManifest.xml:35:13-76
99            android:directBootAware="false"
99-->[androidx.profileinstaller:profileinstaller:1.3.1] AndroidManifest.xml:36:13-44
100            android:enabled="true"
100-->[androidx.profileinstaller:profileinstaller:1.3.1] AndroidManifest.xml:37:13-35
101            android:exported="true"
101-->[androidx.profileinstaller:profileinstaller:1.3.1] AndroidManifest.xml:38:13-36
102            android:permission="android.permission.DUMP" >
102-->[androidx.profileinstaller:profileinstaller:1.3.1] AndroidManifest.xml:39:13-57
103            <intent-filter>
103-->[androidx.profileinstaller:profileinstaller:1.3.1] AndroidManifest.xml:40:13-42:29
104                <action android:name="androidx.profileinstaller.action.INSTALL_PROFILE" />
104-->[androidx.profileinstaller:profileinstaller:1.3.1] AndroidManifest.xml:41:17-91
104-->[androidx.profileinstaller:profileinstaller:1.3.1] AndroidManifest.xml:41:25-88
105            </intent-filter>
106            <intent-filter>
106-->[androidx.profileinstaller:profileinstaller:1.3.1] AndroidManifest.xml:43:13-45:29
107                <action android:name="androidx.profileinstaller.action.SKIP_FILE" />
107-->[androidx.profileinstaller:profileinstaller:1.3.1] AndroidManifest.xml:44:17-85
107-->[androidx.profileinstaller:profileinstaller:1.3.1] AndroidManifest.xml:44:25-82
108            </intent-filter>
109            <intent-filter>
109-->[androidx.profileinstaller:profileinstaller:1.3.1] AndroidManifest.xml:46:13-48:29
110                <action android:name="androidx.profileinstaller.action.SAVE_PROFILE" />
110-->[androidx.profileinstaller:profileinstaller:1.3.1] AndroidManifest.xml:47:17-88
110-->[androidx.profileinstaller:profileinstaller:1.3.1] AndroidManifest.xml:47:25-85
111            </intent-filter>
112            <intent-filter>
112-->[androidx.profileinstaller:profileinstaller:1.3.1] AndroidManifest.xml:49:13-51:29
113                <action android:name="androidx.profileinstaller.action.BENCHMARK_OPERATION" />
113-->[androidx.profileinstaller:profileinstaller:1.3.1] AndroidManifest.xml:50:17-95
113-->[androidx.profileinstaller:profileinstaller:1.3.1] AndroidManifest.xml:50:25-92
114            </intent-filter>
115        </receiver>
116    </application>
117
118</manifest>